Building for Linux...
/usr/bin/xmake
Found xmake: [0m[1mxmake v2.8.7+20240401, A cross-platform build utility based on Lua[0m[0m
[0mCopyright (C) 2015-present Ruki Wang, [4mtboox.org[0m, [4mxmake.io[0m[0m
[0m[1;38;2;1;195;187m [1;38;2;1;199;183m [1;38;2;1;202;179m [1;38;2;2;206;175m [1;38;2;2;209;171m [1;38;2;3;212;167m [1;38;2;4;215;163m [1;38;2;5;218;159m [1;38;2;6;221;155m [1;38;2;8;224;151m [1;38;2;9;227;147m [1;38;2;11;229;143m [1;38;2;12;232;138m [1;38;2;14;234;134m [1;38;2;16;236;130m [1;38;2;18;238;126m [1;38;2;21;240;121m [1;38;2;23;242;117m [1;38;2;25;244;113m [1;38;2;28;246;109m [1;38;2;31;247;105m [1;38;2;34;248;100m [1;38;2;36;250;96m [1;38;2;39;251;92m [1;38;2;43;252;88m [1;38;2;46;253;84m_
[1;38;2;1;195;187m [1;38;2;1;199;183m [1;38;2;1;202;179m [1;38;2;2;206;175m [1;38;2;2;209;171m_[1;38;2;3;212;167m_[1;38;2;4;215;163m [1;38;2;5;218;159m [1;38;2;6;221;155m_[1;38;2;8;224;151m_[1;38;2;9;227;147m_[1;38;2;11;229;143m [1;38;2;12;232;138m_[1;38;2;14;234;134m_[1;38;2;16;236;130m [1;38;2;18;238;126m [1;38;2;21;240;121m_[1;38;2;23;242;117m_[1;38;2;25;244;113m [1;38;2;28;246;109m [1;38;2;31;247;105m_[1;38;2;34;248;100m_[1;38;2;36;250;96m [1;38;2;39;251;92m_[1;38;2;43;252;88m|[1;38;2;46;253;84m [1;38;2;49;253;80m|[1;38;2;52;254;76m [1;38;2;56;254;73m_[1;38;2;59;254;69m_[1;38;2;63;254;65m_[1;38;2;67;254;61m_[1;38;2;70;254;58m_[1;38;2;74;254;54m_
[1;38;2;1;195;187m [1;38;2;1;199;183m [1;38;2;1;202;179m [1;38;2;2;206;175m [1;38;2;2;209;171m\[1;38;2;3;212;167m [1;38;2;4;215;163m\[1;38;2;5;218;159m/[1;38;2;6;221;155m [1;38;2;8;224;151m/[1;38;2;9;227;147m [1;38;2;11;229;143m|[1;38;2;12;232;138m [1;38;2;14;234;134m [1;38;2;16;236;130m\[1;38;2;18;238;126m/[1;38;2;21;240;121m [1;38;2;23;242;117m [1;38;2;25;244;113m|[1;38;2;28;246;109m/[1;38;2;31;247;105m [1;38;2;34;248;100m_[1;38;2;36;250;96m [1;38;2;39;251;92m [1;38;2;43;252;88m|[1;38;2;46;253;84m [1;38;2;49;253;80m|[1;38;2;52;254;76m/[1;38;2;56;254;73m [1;38;2;59;254;69m/[1;38;2;63;254;65m [1;38;2;67;254;61m_[1;38;2;70;254;58m_[1;38;2;74;254;54m [1;38;2;78;254;51m\
[1;38;2;1;195;187m [1;38;2;1;199;183m [1;38;2;1;202;179m [1;38;2;2;206;175m [1;38;2;2;209;171m [1;38;2;3;212;167m>[1;38;2;4;215;163m [1;38;2;5;218;159m [1;38;2;6;221;155m<[1;38;2;8;224;151m [1;38;2;9;227;147m [1;38;2;11;229;143m|[1;38;2;12;232;138m [1;38;2;14;234;134m\[1;38;2;16;236;130m_[1;38;2;18;238;126m_[1;38;2;21;240;121m/[1;38;2;23;242;117m [1;38;2;25;244;113m|[1;38;2;28;246;109m [1;38;2;31;247;105m/[1;38;2;34;248;100m_[1;38;2;36;250;96m|[1;38;2;39;251;92m [1;38;2;43;252;88m|[1;38;2;46;253;84m [1;38;2;49;253;80m [1;38;2;52;254;76m [1;38;2;56;254;73m<[1;38;2;59;254;69m [1;38;2;63;254;65m [1;38;2;67;254;61m_[1;38;2;70;254;58m_[1;38;2;74;254;54m_[1;38;2;78;254;51m/
[1;38;2;1;195;187m [1;38;2;1;199;183m [1;38;2;1;202;179m [1;38;2;2;206;175m [1;38;2;2;209;171m/[1;38;2;3;212;167m_[1;38;2;4;215;163m/[1;38;2;5;218;159m\[1;38;2;6;221;155m_[1;38;2;8;224;151m\[1;38;2;9;227;147m_[1;38;2;11;229;143m|[1;38;2;12;232;138m_[1;38;2;14;234;134m|[1;38;2;16;236;130m [1;38;2;18;238;126m [1;38;2;21;240;121m|[1;38;2;23;242;117m_[1;38;2;25;244;113m|[1;38;2;28;246;109m\[1;38;2;31;247;105m_[1;38;2;34;248;100m_[1;38;2;36;250;96m [1;38;2;39;251;92m\[1;38;2;43;252;88m|[1;38;2;46;253;84m_[1;38;2;49;253;80m|[1;38;2;52;254;76m\[1;38;2;56;254;73m_[1;38;2;59;254;69m\[1;38;2;63;254;65m_[1;38;2;67;254;61m_[1;38;2;70;254;58m_[1;38;2;74;254;54m_[1;38;2;78;254;51m|
[1;38;2;1;195;187m [1;38;2;1;199;183m [1;38;2;1;202;179m [1;38;2;2;206;175m [1;38;2;2;209;171m [1;38;2;3;212;167m [1;38;2;4;215;163m [1;38;2;5;218;159m [1;38;2;6;221;155m [1;38;2;8;224;151m [1;38;2;9;227;147m [1;38;2;11;229;143m [1;38;2;12;232;138m [1;38;2;14;234;134m [1;38;2;16;236;130m [1;38;2;18;238;126m [1;38;2;21;240;121m [1;38;2;23;242;117m [1;38;2;25;244;113m [1;38;2;28;246;109m [1;38;2;31;247;105m [1;38;2;34;248;100m [1;38;2;36;250;96m [1;38;2;39;251;92m [1;38;2;43;252;88m [1;38;2;46;253;84mb[1;38;2;49;253;80my[1;38;2;52;254;76m [1;38;2;56;254;73mr[1;38;2;59;254;69mu[1;38;2;63;254;65mk[1;38;2;67;254;61mi[1;38;2;70;254;58m,[1;38;2;74;254;54m [1;38;2;78;254;51mx[1;38;2;82;253;48mm[1;38;2;86;252;44ma[1;38;2;90;251;41mk[1;38;2;94;250;38me[1;38;2;98;249;35m.[1;38;2;102;248;32mi[1;38;2;107;246;30mo
[1;38;2;1;195;187m [1;38;2;1;199;183m [1;38;2;1;202;179m [1;38;2;2;206;175m [0m
[0m    👉  [1mManual[0m: [4mhttps://xmake.io/#/getting_started[0m
    🙏  [1mDonate[0m: [4mhttps://xmake.io/#/sponsor[0m
    [0m
[0m  ╔════════════════════════════════════════════════════════════════════════════╗
  ║ [1;38;2;255;255;0mA new version of xmake is available![0m                                       ║
  ║                                                                            ║
  ║ To update to the latest version [1mv3.0.7[0m, run "xmake update".                ║
  ╚════════════════════════════════════════════════════════════════════════════╝
[0m

Updating repositories...
updating repositories .. [0m[38;2;0;255;0mok[0m

Configuring...
[0mchecking for gcc ... [38;2;0;255;0;1m/usr/bin/gcc[0m
[0mchecking for zig ... [38;2;255;0;0;1mno[0m
[0mchecking for zig ... [38;2;255;0;0;1mno[0m
[0mchecking for unzip ... [38;2;0;255;0;1m/usr/bin/unzip[0m
[0mchecking for git ... [38;2;0;255;0;1m/usr/local/bin/git[0m
[0mchecking for gzip ... [38;2;0;255;0;1m/usr/bin/gzip[0m
[0mchecking for tar ... [38;2;0;255;0;1m/usr/bin/tar[0m
/usr/local/bin/git rev-parse HEAD
[0m[38;2;255;0;255m"[0m[38;2;255;0;255;1mversions/versions.txt[0m[38;2;255;0;255m"[0m
/usr/local/bin/git rev-parse HEAD
[0m[1;38;2;255;0;0;1merror: [0m...xmake/repositories/xmake-repo/packages/c/cmake/xmake.lua:19: attempt to call a nil value (global 'on_source')
stack traceback:
    [...xmake/repositories/xmake-repo/packages/c/cmake/xmake.lua:19]: in main chunk
[0m

Building...
[0mchecking for platform ... [38;2;0;255;0;1mlinux[0m
[0mchecking for architecture ... [38;2;0;255;0;1mx86_64[0m
[0mchecking for gcc ... [38;2;0;255;0;1m/usr/bin/gcc[0m
[0mchecking for zig ... [38;2;255;0;0;1mno[0m
[0mchecking for zig ... [38;2;255;0;0;1mno[0m
[0mchecking for unzip ... [38;2;0;255;0;1m/usr/bin/unzip[0m
[0mchecking for git ... [38;2;0;255;0;1m/usr/local/bin/git[0m
[0mchecking for gzip ... [38;2;0;255;0;1m/usr/bin/gzip[0m
[0mchecking for tar ... [38;2;0;255;0;1m/usr/bin/tar[0m
/usr/local/bin/git rev-parse HEAD
[0m[38;2;255;0;255m"[0m[38;2;255;0;255;1mversions/versions.txt[0m[38;2;255;0;255m"[0m
/usr/local/bin/git rev-parse HEAD
[0m[1;38;2;255;0;0;1merror: [0m...xmake/repositories/xmake-repo/packages/c/cmake/xmake.lua:19: attempt to call a nil value (global 'on_source')
stack traceback:
    [...xmake/repositories/xmake-repo/packages/c/cmake/xmake.lua:19]: in main chunk
[0m

Build complete!
